<?xml version="1.0" encoding="UTF-8"?>
<testsuite xmlns:xsi="http://www.w3.org/2001/XMLSchema-instance" xsi:schemaLocation="https://maven.apache.org/surefire/maven-surefire-plugin/xsd/surefire-test-report.xsd" name="ru.ozon.Tests" time="88.435" tests="4" errors="0" skipped="0" failures="0">
  <properties>
[...]
</properties>
  <testcase name="changeCity" classname="ru.Ozon.Test" time="22.185"/>
  <testcase name="login" classname="ru.Ozon.Test" time="24.979"/>
  <testcase name="filtrationByPower" classname="ru.Ozon.Test" time="19.968"/>
  <testcase name="filtrationByPrice" classname="ru.Ozon.Test" time="26.004"/>
</testsuite>